INFO: latexindent version 3.8.2, 2020-06-10, a script to indent .tex files
      latexindent lives here: /home/fouche/texlive/texmf-dist/scripts/latexindent/
      Wed Aug 26 17:57:44 2020
      Filename: ./beda.tex
INFO: Processing switches:
      -w|--overwrite: Overwrite mode active, will make a back up of ./beda.tex first
INFO: Directory for backup files and indent.log: .
INFO: YAML settings read: defaultSettings.yaml
      Reading defaultSettings.yaml from /home/fouche/texlive/texmf-dist/scripts/latexindent/defaultSettings.yaml
INFO: YAML settings read: indentconfig.yaml or .indentconfig.yaml
      Home directory is /home/fouche (didn't find either indentconfig.yaml or .indentconfig.yaml)
      To specify user settings you would put indentconfig.yaml here: /home/fouche/indentconfig.yaml
      Alternatively, you can use the hidden file .indentconfig.yaml as: /home/fouche/.indentconfig.yaml
INFO: Backup procedure (-w flag active):
      copying ./beda.tex to ./beda.bak0
      Backup file: ./beda.bak0
      ./beda.tex will be overwritten after indentation
INFO: Phase 1: searching for objects
INFO: Phase 2: finding surrounding indentation
INFO: Phase 3: indenting objects
INFO: Phase 4: final indentation check
INFO: Output routine:
      Overwriting file ./beda.tex
      --------------
INFO: Please direct all communication/issues to:
      https://github.com/cmhughes/latexindent.pl
